<?xml version="1.0" encoding="UTF-8"?>
<testsuite name="com.example.gsmoa.repository.MemberRepositoryTest" tests="1" skipped="0" failures="0" errors="0" timestamp="2024-05-02T07:54:40" hostname="B1UESODA" time="1.475">
  <properties/>
  <testcase name="testMember()" classname="com.example.gsmoa.repository.MemberRepositoryTest" time="1.475"/>
  <system-out><![CDATA[16:54:32.111 [Test worker] INFO org.springframework.test.context.support.AnnotationConfigContextLoaderUtils -- Could not detect default configuration classes for test class [com.example.gsmoa.repository.MemberRepositoryTest]: MemberRepositoryTest does not declare any static, non-private, non-final, nested classes annotated with @Configuration.
16:54:32.273 [Test worker] INFO org.springframework.boot.test.context.SpringBootTestContextBootstrapper -- Found @SpringBootConfiguration com.example.gsmoa.GsmoaApplication for test class com.example.gsmoa.repository.MemberRepositoryTest

  .   ____          _            __ _ _
 /\\ / ___'_ __ _ _(_)_ __  __ _ \ \ \ \
( ( )\___ | '_ | '_| | '_ \/ _` | \ \ \ \
 \\/  ___)| |_)| | | | | || (_| |  ) ) ) )
  '  |____| .__|_| |_|_| |_\__, | / / / /
 =========|_|==============|___/=/_/_/_/
 :: Spring Boot ::                (v3.2.5)

2024-05-02T16:54:32.919+09:00  INFO 150496 --- [    Test worker] c.e.g.repository.MemberRepositoryTest    : Starting MemberRepositoryTest using Java 17.0.10 with PID 150496 (started by b1uesoda in C:\Users\b1uesoda\work\gsmoa\Backend\gsmoa)
2024-05-02T16:54:32.919+09:00  INFO 150496 --- [    Test worker] c.e.g.repository.MemberRepositoryTest    : No active profile set, falling back to 1 default profile: "default"
2024-05-02T16:54:34.063+09:00  INFO 150496 --- [    Test worker] .s.d.r.c.RepositoryConfigurationDelegate : Bootstrapping Spring Data JPA repositories in DEFAULT mode.
2024-05-02T16:54:34.153+09:00  INFO 150496 --- [    Test worker] .s.d.r.c.RepositoryConfigurationDelegate : Finished Spring Data repository scanning in 75 ms. Found 2 JPA repository interfaces.
2024-05-02T16:54:34.921+09:00  INFO 150496 --- [    Test worker] com.zaxxer.hikari.HikariDataSource       : HikariPool-1 - Starting...
2024-05-02T16:54:35.942+09:00  INFO 150496 --- [    Test worker] com.zaxxer.hikari.pool.HikariPool        : HikariPool-1 - Added connection com.mysql.cj.jdbc.ConnectionImpl@74500e4f
2024-05-02T16:54:35.942+09:00  INFO 150496 --- [    Test worker] com.zaxxer.hikari.HikariDataSource       : HikariPool-1 - Start completed.
2024-05-02T16:54:36.006+09:00  INFO 150496 --- [    Test worker] o.hibernate.jpa.internal.util.LogHelper  : HHH000204: Processing PersistenceUnitInfo [name: default]
2024-05-02T16:54:36.170+09:00  INFO 150496 --- [    Test worker] org.hibernate.Version                    : HHH000412: Hibernate ORM core version 6.4.4.Final
2024-05-02T16:54:36.253+09:00  INFO 150496 --- [    Test worker] o.h.c.internal.RegionFactoryInitiator    : HHH000026: Second-level cache disabled
2024-05-02T16:54:36.382+09:00 DEBUG 150496 --- [    Test worker] org.hibernate.type.BasicTypeRegistry     : Adding type registration boolean -> org.hibernate.type.BasicTypeReference@5ba184fc
2024-05-02T16:54:36.382+09:00 DEBUG 150496 --- [    Test worker] org.hibernate.type.BasicTypeRegistry     : Adding type registration boolean -> org.hibernate.type.BasicTypeReference@5ba184fc
2024-05-02T16:54:36.382+09:00 DEBUG 150496 --- [    Test worker] org.hibernate.type.BasicTypeRegistry     : Adding type registration java.lang.Boolean -> org.hibernate.type.BasicTypeReference@5ba184fc
2024-05-02T16:54:36.382+09:00 DEBUG 150496 --- [    Test worker] org.hibernate.type.BasicTypeRegistry     : Adding type registration numeric_boolean -> org.hibernate.type.BasicTypeReference@4cfc0c48
2024-05-02T16:54:36.382+09:00 DEBUG 150496 --- [    Test worker] org.hibernate.type.BasicTypeRegistry     : Adding type registration org.hibernate.type.NumericBooleanConverter -> org.hibernate.type.BasicTypeReference@4cfc0c48
2024-05-02T16:54:36.382+09:00 DEBUG 150496 --- [    Test worker] org.hibernate.type.BasicTypeRegistry     : Adding type registration true_false -> org.hibernate.type.BasicTypeReference@59d5c537
2024-05-02T16:54:36.382+09:00 DEBUG 150496 --- [    Test worker] org.hibernate.type.BasicTypeRegistry     : Adding type registration org.hibernate.type.TrueFalseConverter -> org.hibernate.type.BasicTypeReference@59d5c537
2024-05-02T16:54:36.382+09:00 DEBUG 150496 --- [    Test worker] org.hibernate.type.BasicTypeRegistry     : Adding type registration yes_no -> org.hibernate.type.BasicTypeReference@5464b97c
2024-05-02T16:54:36.382+09:00 DEBUG 150496 --- [    Test worker] org.hibernate.type.BasicTypeRegistry     : Adding type registration org.hibernate.type.YesNoConverter -> org.hibernate.type.BasicTypeReference@5464b97c
2024-05-02T16:54:36.382+09:00 DEBUG 150496 --- [    Test worker] org.hibernate.type.BasicTypeRegistry     : Adding type registration byte -> org.hibernate.type.BasicTypeReference@3355168
2024-05-02T16:54:36.384+09:00 DEBUG 150496 --- [    Test worker] org.hibernate.type.BasicTypeRegistry     : Adding type registration byte -> org.hibernate.type.BasicTypeReference@3355168
2024-05-02T16:54:36.384+09:00 DEBUG 150496 --- [    Test worker] org.hibernate.type.BasicTypeRegistry     : Adding type registration java.lang.Byte -> org.hibernate.type.BasicTypeReference@3355168
2024-05-02T16:54:36.386+09:00 DEBUG 150496 --- [    Test worker] org.hibernate.type.BasicTypeRegistry     : Adding type registration binary -> org.hibernate.type.BasicTypeReference@2f07930a
2024-05-02T16:54:36.386+09:00 DEBUG 150496 --- [    Test worker] org.hibernate.type.BasicTypeRegistry     : Adding type registration byte[] -> org.hibernate.type.BasicTypeReference@2f07930a
2024-05-02T16:54:36.386+09:00 DEBUG 150496 --- [    Test worker] org.hibernate.type.BasicTypeRegistry     : Adding type registration [B -> org.hibernate.type.BasicTypeReference@2f07930a
2024-05-02T16:54:36.386+09:00 DEBUG 150496 --- [    Test worker] org.hibernate.type.BasicTypeRegistry     : Adding type registration binary_wrapper -> org.hibernate.type.BasicTypeReference@4540c7
2024-05-02T16:54:36.386+09:00 DEBUG 150496 --- [    Test worker] org.hibernate.type.BasicTypeRegistry     : Adding type registration wrapper-binary -> org.hibernate.type.BasicTypeReference@4540c7
2024-05-02T16:54:36.386+09:00 DEBUG 150496 --- [    Test worker] org.hibernate.type.BasicTypeRegistry     : Adding type registration image -> org.hibernate.type.BasicTypeReference@13c90c06
2024-05-02T16:54:36.386+09:00 DEBUG 150496 --- [    Test worker] org.hibernate.type.BasicTypeRegistry     : Adding type registration blob -> org.hibernate.type.BasicTypeReference@2bc0b8c8
2024-05-02T16:54:36.386+09:00 DEBUG 150496 --- [    Test worker] org.hibernate.type.BasicTypeRegistry     : Adding type registration java.sql.Blob -> org.hibernate.type.BasicTypeReference@2bc0b8c8
2024-05-02T16:54:36.387+09:00 DEBUG 150496 --- [    Test worker] org.hibernate.type.BasicTypeRegistry     : Adding type registration materialized_blob -> org.hibernate.type.BasicTypeReference@15f861ee
2024-05-02T16:54:36.387+09:00 DEBUG 150496 --- [    Test worker] org.hibernate.type.BasicTypeRegistry     : Adding type registration materialized_blob_wrapper -> org.hibernate.type.BasicTypeReference@3f1158ee
2024-05-02T16:54:36.387+09:00 DEBUG 150496 --- [    Test worker] org.hibernate.type.BasicTypeRegistry     : Adding type registration short -> org.hibernate.type.BasicTypeReference@6463da36
2024-05-02T16:54:36.387+09:00 DEBUG 150496 --- [    Test worker] org.hibernate.type.BasicTypeRegistry     : Adding type registration short -> org.hibernate.type.BasicTypeReference@6463da36
2024-05-02T16:54:36.387+09:00 DEBUG 150496 --- [    Test worker] org.hibernate.type.BasicTypeRegistry     : Adding type registration java.lang.Short -> org.hibernate.type.BasicTypeReference@6463da36
2024-05-02T16:54:36.387+09:00 DEBUG 150496 --- [    Test worker] org.hibernate.type.BasicTypeRegistry     : Adding type registration integer -> org.hibernate.type.BasicTypeReference@4a4b288a
2024-05-02T16:54:36.387+09:00 DEBUG 150496 --- [    Test worker] org.hibernate.type.BasicTypeRegistry     : Adding type registration int -> org.hibernate.type.BasicTypeReference@4a4b288a
2024-05-02T16:54:36.387+09:00 DEBUG 150496 --- [    Test worker] org.hibernate.type.BasicTypeRegistry     : Adding type registration java.lang.Integer -> org.hibernate.type.BasicTypeReference@4a4b288a
2024-05-02T16:54:36.389+09:00 DEBUG 150496 --- [    Test worker] org.hibernate.type.BasicTypeRegistry     : Adding type registration long -> org.hibernate.type.BasicTypeReference@1c6ac73c
2024-05-02T16:54:36.389+09:00 DEBUG 150496 --- [    Test worker] org.hibernate.type.BasicTypeRegistry     : Adding type registration long -> org.hibernate.type.BasicTypeReference@1c6ac73c
2024-05-02T16:54:36.389+09:00 DEBUG 150496 --- [    Test worker] org.hibernate.type.BasicTypeRegistry     : Adding type registration java.lang.Long -> org.hibernate.type.BasicTypeReference@1c6ac73c
2024-05-02T16:54:36.389+09:00 DEBUG 150496 --- [    Test worker] org.hibernate.type.BasicTypeRegistry     : Adding type registration float -> org.hibernate.type.BasicTypeReference@29892a77
2024-05-02T16:54:36.389+09:00 DEBUG 150496 --- [    Test worker] org.hibernate.type.BasicTypeRegistry     : Adding type registration float -> org.hibernate.type.BasicTypeReference@29892a77
2024-05-02T16:54:36.389+09:00 DEBUG 150496 --- [    Test worker] org.hibernate.type.BasicTypeRegistry     : Adding type registration java.lang.Float -> org.hibernate.type.BasicTypeReference@29892a77
2024-05-02T16:54:36.390+09:00 DEBUG 150496 --- [    Test worker] org.hibernate.type.BasicTypeRegistry     : Adding type registration double -> org.hibernate.type.BasicTypeReference@5341e71a
2024-05-02T16:54:36.390+09:00 DEBUG 150496 --- [    Test worker] org.hibernate.type.BasicTypeRegistry     : Adding type registration double -> org.hibernate.type.BasicTypeReference@5341e71a
2024-05-02T16:54:36.390+09:00 DEBUG 150496 --- [    Test worker] org.hibernate.type.BasicTypeRegistry     : Adding type registration java.lang.Double -> org.hibernate.type.BasicTypeReference@5341e71a
2024-05-02T16:54:36.390+09:00 DEBUG 150496 --- [    Test worker] org.hibernate.type.BasicTypeRegistry     : Adding type registration big_integer -> org.hibernate.type.BasicTypeReference@405d8a80
2024-05-02T16:54:36.390+09:00 DEBUG 150496 --- [    Test worker] org.hibernate.type.BasicTypeRegistry     : Adding type registration java.math.BigInteger -> org.hibernate.type.BasicTypeReference@405d8a80
2024-05-02T16:54:36.391+09:00 DEBUG 150496 --- [    Test worker] org.hibernate.type.BasicTypeRegistry     : Adding type registration big_decimal -> org.hibernate.type.BasicTypeReference@ac4e690
2024-05-02T16:54:36.392+09:00 DEBUG 150496 --- [    Test worker] org.hibernate.type.BasicTypeRegistry     : Adding type registration java.math.BigDecimal -> org.hibernate.type.BasicTypeReference@ac4e690
2024-05-02T16:54:36.392+09:00 DEBUG 150496 --- [    Test worker] org.hibernate.type.BasicTypeRegistry     : Adding type registration character -> org.hibernate.type.BasicTypeReference@6afeaf2d
2024-05-02T16:54:36.392+09:00 DEBUG 150496 --- [    Test worker] org.hibernate.type.BasicTypeRegistry     : Adding type registration char -> org.hibernate.type.BasicTypeReference@6afeaf2d
2024-05-02T16:54:36.392+09:00 DEBUG 150496 --- [    Test worker] org.hibernate.type.BasicTypeRegistry     : Adding type registration java.lang.Character -> org.hibernate.type.BasicTypeReference@6afeaf2d
2024-05-02T16:54:36.392+09:00 DEBUG 150496 --- [    Test worker] org.hibernate.type.BasicTypeRegistry     : Adding type registration character_nchar -> org.hibernate.type.BasicTypeReference@365bfc5f
2024-05-02T16:54:36.392+09:00 DEBUG 150496 --- [    Test worker] org.hibernate.type.BasicTypeRegistry     : Adding type registration string -> org.hibernate.type.BasicTypeReference@1a7e799e
2024-05-02T16:54:36.393+09:00 DEBUG 150496 --- [    Test worker] org.hibernate.type.BasicTypeRegistry     : Adding type registration java.lang.String -> org.hibernate.type.BasicTypeReference@1a7e799e
2024-05-02T16:54:36.393+09:00 DEBUG 150496 --- [    Test worker] org.hibernate.type.BasicTypeRegistry     : Adding type registration nstring -> org.hibernate.type.BasicTypeReference@37a3ec27
2024-05-02T16:54:36.393+09:00 DEBUG 150496 --- [    Test worker] org.hibernate.type.BasicTypeRegistry     : Adding type registration characters -> org.hibernate.type.BasicTypeReference@283baa39
2024-05-02T16:54:36.393+09:00 DEBUG 150496 --- [    Test worker] org.hibernate.type.BasicTypeRegistry     : Adding type registration char[] -> org.hibernate.type.BasicTypeReference@283baa39
2024-05-02T16:54:36.393+09:00 DEBUG 150496 --- [    Test worker] org.hibernate.type.BasicTypeRegistry     : Adding type registration [C -> org.hibernate.type.BasicTypeReference@283baa39
2024-05-02T16:54:36.393+09:00 DEBUG 150496 --- [    Test worker] org.hibernate.type.BasicTypeRegistry     : Adding type registration wrapper-characters -> org.hibernate.type.BasicTypeReference@416b1265
2024-05-02T16:54:36.393+09:00 DEBUG 150496 --- [    Test worker] org.hibernate.type.BasicTypeRegistry     : Adding type registration text -> org.hibernate.type.BasicTypeReference@2830315f
2024-05-02T16:54:36.393+09:00 DEBUG 150496 --- [    Test worker] org.hibernate.type.BasicTypeRegistry     : Adding type registration ntext -> org.hibernate.type.BasicTypeReference@da22aa
2024-05-02T16:54:36.393+09:00 DEBUG 150496 --- [    Test worker] org.hibernate.type.BasicTypeRegistry     : Adding type registration clob -> org.hibernate.type.BasicTypeReference@75452aea
2024-05-02T16:54:36.393+09:00 DEBUG 150496 --- [    Test worker] org.hibernate.type.BasicTypeRegistry     : Adding type registration java.sql.Clob -> org.hibernate.type.BasicTypeReference@75452aea
2024-05-02T16:54:36.393+09:00 DEBUG 150496 --- [    Test worker] org.hibernate.type.BasicTypeRegistry     : Adding type registration nclob -> org.hibernate.type.BasicTypeReference@6c24f61d
2024-05-02T16:54:36.393+09:00 DEBUG 150496 --- [    Test worker] org.hibernate.type.BasicTypeRegistry     : Adding type registration java.sql.NClob -> org.hibernate.type.BasicTypeReference@6c24f61d
2024-05-02T16:54:36.393+09:00 DEBUG 150496 --- [    Test worker] org.hibernate.type.BasicTypeRegistry     : Adding type registration materialized_clob -> org.hibernate.type.BasicTypeReference@4537880f
2024-05-02T16:54:36.393+09:00 DEBUG 150496 --- [    Test worker] org.hibernate.type.BasicTypeRegistry     : Adding type registration materialized_clob_char_array -> org.hibernate.type.BasicTypeReference@14292d71
2024-05-02T16:54:36.395+09:00 DEBUG 150496 --- [    Test worker] org.hibernate.type.BasicTypeRegistry     : Adding type registration materialized_clob_character_array -> org.hibernate.type.BasicTypeReference@48e74764
2024-05-02T16:54:36.395+09:00 DEBUG 150496 --- [    Test worker] org.hibernate.type.BasicTypeRegistry     : Adding type registration materialized_nclob -> org.hibernate.type.BasicTypeReference@338d47b
2024-05-02T16:54:36.395+09:00 DEBUG 150496 --- [    Test worker] org.hibernate.type.BasicTypeRegistry     : Adding type registration materialized_nclob_character_array -> org.hibernate.type.BasicTypeReference@7a3643e3
2024-05-02T16:54:36.395+09:00 DEBUG 150496 --- [    Test worker] org.hibernate.type.BasicTypeRegistry     : Adding type registration materialized_nclob_char_array -> org.hibernate.type.BasicTypeReference@2729bb71
2024-05-02T16:54:36.395+09:00 DEBUG 150496 --- [    Test worker] org.hibernate.type.BasicTypeRegistry     : Adding type registration Duration -> org.hibernate.type.BasicTypeReference@55071497
2024-05-02T16:54:36.395+09:00 DEBUG 150496 --- [    Test worker] org.hibernate.type.BasicTypeRegistry     : Adding type registration java.time.Duration -> org.hibernate.type.BasicTypeReference@55071497
2024-05-02T16:54:36.395+09:00 DEBUG 150496 --- [    Test worker] org.hibernate.type.BasicTypeRegistry     : Adding type registration LocalDateTime -> org.hibernate.type.BasicTypeReference@10d98940
2024-05-02T16:54:36.395+09:00 DEBUG 150496 --- [    Test worker] org.hibernate.type.BasicTypeRegistry     : Adding type registration java.time.LocalDateTime -> org.hibernate.type.BasicTypeReference@10d98940
2024-05-02T16:54:36.395+09:00 DEBUG 150496 --- [    Test worker] org.hibernate.type.BasicTypeRegistry     : Adding type registration LocalDate -> org.hibernate.type.BasicTypeReference@58b8f9e3
2024-05-02T16:54:36.396+09:00 DEBUG 150496 --- [    Test worker] org.hibernate.type.BasicTypeRegistry     : Adding type registration java.time.LocalDate -> org.hibernate.type.BasicTypeReference@58b8f9e3
2024-05-02T16:54:36.396+09:00 DEBUG 150496 --- [    Test worker] org.hibernate.type.BasicTypeRegistry     : Adding type registration LocalTime -> org.hibernate.type.BasicTypeReference@32a033b6
2024-05-02T16:54:36.397+09:00 DEBUG 150496 --- [    Test worker] org.hibernate.type.BasicTypeRegistry     : Adding type registration java.time.LocalTime -> org.hibernate.type.BasicTypeReference@32a033b6
2024-05-02T16:54:36.397+09:00 DEBUG 150496 --- [    Test worker] org.hibernate.type.BasicTypeRegistry     : Adding type registration OffsetDateTime -> org.hibernate.type.BasicTypeReference@5f6e2ad9
2024-05-02T16:54:36.397+09:00 DEBUG 150496 --- [    Test worker] org.hibernate.type.BasicTypeRegistry     : Adding type registration java.time.OffsetDateTime -> org.hibernate.type.BasicTypeReference@5f6e2ad9
2024-05-02T16:54:36.397+09:00 DEBUG 150496 --- [    Test worker] org.hibernate.type.BasicTypeRegistry     : Adding type registration OffsetDateTimeWithTimezone -> org.hibernate.type.BasicTypeReference@3212bfd
2024-05-02T16:54:36.397+09:00 DEBUG 150496 --- [    Test worker] org.hibernate.type.BasicTypeRegistry     : Adding type registration OffsetDateTimeWithoutTimezone -> org.hibernate.type.BasicTypeReference@1cc9bd9b
2024-05-02T16:54:36.397+09:00 DEBUG 150496 --- [    Test worker] org.hibernate.type.BasicTypeRegistry     : Adding type registration OffsetTime -> org.hibernate.type.BasicTypeReference@2f471037
2024-05-02T16:54:36.397+09:00 DEBUG 150496 --- [    Test worker] org.hibernate.type.BasicTypeRegistry     : Adding type registration java.time.OffsetTime -> org.hibernate.type.BasicTypeReference@2f471037
2024-05-02T16:54:36.397+09:00 DEBUG 150496 --- [    Test worker] org.hibernate.type.BasicTypeRegistry     : Adding type registration OffsetTimeUtc -> org.hibernate.type.BasicTypeReference@1d1cfe4
2024-05-02T16:54:36.397+09:00 DEBUG 150496 --- [    Test worker] org.hibernate.type.BasicTypeRegistry     : Adding type registration OffsetTimeWithTimezone -> org.hibernate.type.BasicTypeReference@ba562e0
2024-05-02T16:54:36.397+09:00 DEBUG 150496 --- [    Test worker] org.hibernate.type.BasicTypeRegistry     : Adding type registration OffsetTimeWithoutTimezone -> org.hibernate.type.BasicTypeReference@5a51336a
2024-05-02T16:54:36.397+09:00 DEBUG 150496 --- [    Test worker] org.hibernate.type.BasicTypeRegistry     : Adding type registration ZonedDateTime -> org.hibernate.type.BasicTypeReference@4d8056bf
2024-05-02T16:54:36.397+09:00 DEBUG 150496 --- [    Test worker] org.hibernate.type.BasicTypeRegistry     : Adding type registration java.time.ZonedDateTime -> org.hibernate.type.BasicTypeReference@4d8056bf
2024-05-02T16:54:36.397+09:00 DEBUG 150496 --- [    Test worker] org.hibernate.type.BasicTypeRegistry     : Adding type registration ZonedDateTimeWithTimezone -> org.hibernate.type.BasicTypeReference@42211e04
2024-05-02T16:54:36.397+09:00 DEBUG 150496 --- [    Test worker] org.hibernate.type.BasicTypeRegistry     : Adding type registration ZonedDateTimeWithoutTimezone -> org.hibernate.type.BasicTypeReference@6233c6c2
2024-05-02T16:54:36.397+09:00 DEBUG 150496 --- [    Test worker] org.hibernate.type.BasicTypeRegistry     : Adding type registration date -> org.hibernate.type.BasicTypeReference@312a738d
2024-05-02T16:54:36.397+09:00 DEBUG 150496 --- [    Test worker] org.hibernate.type.BasicTypeRegistry     : Adding type registration java.sql.Date -> org.hibernate.type.BasicTypeReference@312a738d
2024-05-02T16:54:36.397+09:00 DEBUG 150496 --- [    Test worker] org.hibernate.type.BasicTypeRegistry     : Adding type registration time -> org.hibernate.type.BasicTypeReference@7e50eeb9
2024-05-02T16:54:36.397+09:00 DEBUG 150496 --- [    Test worker] org.hibernate.type.BasicTypeRegistry     : Adding type registration java.sql.Time -> org.hibernate.type.BasicTypeReference@7e50eeb9
2024-05-02T16:54:36.397+09:00 DEBUG 150496 --- [    Test worker] org.hibernate.type.BasicTypeRegistry     : Adding type registration timestamp -> org.hibernate.type.BasicTypeReference@34cb0e49
2024-05-02T16:54:36.397+09:00 DEBUG 150496 --- [    Test worker] org.hibernate.type.BasicTypeRegistry     : Adding type registration java.sql.Timestamp -> org.hibernate.type.BasicTypeReference@34cb0e49
2024-05-02T16:54:36.397+09:00 DEBUG 150496 --- [    Test worker] org.hibernate.type.BasicTypeRegistry     : Adding type registration java.util.Date -> org.hibernate.type.BasicTypeReference@34cb0e49
2024-05-02T16:54:36.397+09:00 DEBUG 150496 --- [    Test worker] org.hibernate.type.BasicTypeRegistry     : Adding type registration calendar -> org.hibernate.type.BasicTypeReference@48b2dbc4
2024-05-02T16:54:36.397+09:00 DEBUG 150496 --- [    Test worker] org.hibernate.type.BasicTypeRegistry     : Adding type registration java.util.Calendar -> org.hibernate.type.BasicTypeReference@48b2dbc4
2024-05-02T16:54:36.400+09:00 DEBUG 150496 --- [    Test worker] org.hibernate.type.BasicTypeRegistry     : Adding type registration java.util.GregorianCalendar -> org.hibernate.type.BasicTypeReference@48b2dbc4
2024-05-02T16:54:36.400+09:00 DEBUG 150496 --- [    Test worker] org.hibernate.type.BasicTypeRegistry     : Adding type registration calendar_date -> org.hibernate.type.BasicTypeReference@2a667f44
2024-05-02T16:54:36.400+09:00 DEBUG 150496 --- [    Test worker] org.hibernate.type.BasicTypeRegistry     : Adding type registration calendar_time -> org.hibernate.type.BasicTypeReference@53ba7997
2024-05-02T16:54:36.400+09:00 DEBUG 150496 --- [    Test worker] org.hibernate.type.BasicTypeRegistry     : Adding type registration instant -> org.hibernate.type.BasicTypeReference@3f6f9cef
2024-05-02T16:54:36.400+09:00 DEBUG 150496 --- [    Test worker] org.hibernate.type.BasicTypeRegistry     : Adding type registration java.time.Instant -> org.hibernate.type.BasicTypeReference@3f6f9cef
2024-05-02T16:54:36.400+09:00 DEBUG 150496 --- [    Test worker] org.hibernate.type.BasicTypeRegistry     : Adding type registration uuid -> org.hibernate.type.BasicTypeReference@61dd1c3d
2024-05-02T16:54:36.400+09:00 DEBUG 150496 --- [    Test worker] org.hibernate.type.BasicTypeRegistry     : Adding type registration java.util.UUID -> org.hibernate.type.BasicTypeReference@61dd1c3d
2024-05-02T16:54:36.400+09:00 DEBUG 150496 --- [    Test worker] org.hibernate.type.BasicTypeRegistry     : Adding type registration pg-uuid -> org.hibernate.type.BasicTypeReference@61dd1c3d
2024-05-02T16:54:36.401+09:00 DEBUG 150496 --- [    Test worker] org.hibernate.type.BasicTypeRegistry     : Adding type registration uuid-binary -> org.hibernate.type.BasicTypeReference@7858d31d
2024-05-02T16:54:36.402+09:00 DEBUG 150496 --- [    Test worker] org.hibernate.type.BasicTypeRegistry     : Adding type registration uuid-char -> org.hibernate.type.BasicTypeReference@782e6b40
2024-05-02T16:54:36.403+09:00 DEBUG 150496 --- [    Test worker] org.hibernate.type.BasicTypeRegistry     : Adding type registration class -> org.hibernate.type.BasicTypeReference@3b65084e
2024-05-02T16:54:36.403+09:00 DEBUG 150496 --- [    Test worker] org.hibernate.type.BasicTypeRegistry     : Adding type registration java.lang.Class -> org.hibernate.type.BasicTypeReference@3b65084e
2024-05-02T16:54:36.403+09:00 DEBUG 150496 --- [    Test worker] org.hibernate.type.BasicTypeRegistry     : Adding type registration currency -> org.hibernate.type.BasicTypeReference@32d0d7eb
2024-05-02T16:54:36.403+09:00 DEBUG 150496 --- [    Test worker] org.hibernate.type.BasicTypeRegistry     : Adding type registration Currency -> org.hibernate.type.BasicTypeReference@32d0d7eb
2024-05-02T16:54:36.403+09:00 DEBUG 150496 --- [    Test worker] org.hibernate.type.BasicTypeRegistry     : Adding type registration java.util.Currency -> org.hibernate.type.BasicTypeReference@32d0d7eb
2024-05-02T16:54:36.403+09:00 DEBUG 150496 --- [    Test worker] org.hibernate.type.BasicTypeRegistry     : Adding type registration locale -> org.hibernate.type.BasicTypeReference@cae2a97
2024-05-02T16:54:36.403+09:00 DEBUG 150496 --- [    Test worker] org.hibernate.type.BasicTypeRegistry     : Adding type registration java.util.Locale -> org.hibernate.type.BasicTypeReference@cae2a97
2024-05-02T16:54:36.403+09:00 DEBUG 150496 --- [    Test worker] org.hibernate.type.BasicTypeRegistry     : Adding type registration serializable -> org.hibernate.type.BasicTypeReference@7d12429
2024-05-02T16:54:36.403+09:00 DEBUG 150496 --- [    Test worker] org.hibernate.type.BasicTypeRegistry     : Adding type registration java.io.Serializable -> org.hibernate.type.BasicTypeReference@7d12429
2024-05-02T16:54:36.403+09:00 DEBUG 150496 --- [    Test worker] org.hibernate.type.BasicTypeRegistry     : Adding type registration timezone -> org.hibernate.type.BasicTypeReference@14656be5
2024-05-02T16:54:36.403+09:00 DEBUG 150496 --- [    Test worker] org.hibernate.type.BasicTypeRegistry     : Adding type registration java.util.TimeZone -> org.hibernate.type.BasicTypeReference@14656be5
2024-05-02T16:54:36.403+09:00 DEBUG 150496 --- [    Test worker] org.hibernate.type.BasicTypeRegistry     : Adding type registration ZoneOffset -> org.hibernate.type.BasicTypeReference@20be890d
2024-05-02T16:54:36.403+09:00 DEBUG 150496 --- [    Test worker] org.hibernate.type.BasicTypeRegistry     : Adding type registration java.time.ZoneOffset -> org.hibernate.type.BasicTypeReference@20be890d
2024-05-02T16:54:36.403+09:00 DEBUG 150496 --- [    Test worker] org.hibernate.type.BasicTypeRegistry     : Adding type registration url -> org.hibernate.type.BasicTypeReference@5db9f51f
2024-05-02T16:54:36.403+09:00 DEBUG 150496 --- [    Test worker] org.hibernate.type.BasicTypeRegistry     : Adding type registration java.net.URL -> org.hibernate.type.BasicTypeReference@5db9f51f
2024-05-02T16:54:36.403+09:00 DEBUG 150496 --- [    Test worker] org.hibernate.type.BasicTypeRegistry     : Adding type registration vector -> org.hibernate.type.BasicTypeReference@534762ed
2024-05-02T16:54:36.403+09:00 DEBUG 150496 --- [    Test worker] org.hibernate.type.BasicTypeRegistry     : Adding type registration row_version -> org.hibernate.type.BasicTypeReference@6c421123
2024-05-02T16:54:36.415+09:00 DEBUG 150496 --- [    Test worker] org.hibernate.type.BasicTypeRegistry     : Adding type registration object -> org.hibernate.type.JavaObjectType@498a4d62
2024-05-02T16:54:36.415+09:00 DEBUG 150496 --- [    Test worker] org.hibernate.type.BasicTypeRegistry     : Adding type registration java.lang.Object -> org.hibernate.type.JavaObjectType@498a4d62
2024-05-02T16:54:36.415+09:00 DEBUG 150496 --- [    Test worker] org.hibernate.type.BasicTypeRegistry     : Adding type registration null -> org.hibernate.type.NullType@52285a5f
2024-05-02T16:54:36.415+09:00 DEBUG 150496 --- [    Test worker] org.hibernate.type.BasicTypeRegistry     : Adding type registration imm_date -> org.hibernate.type.BasicTypeReference@4fa5cc73
2024-05-02T16:54:36.415+09:00 DEBUG 150496 --- [    Test worker] org.hibernate.type.BasicTypeRegistry     : Adding type registration imm_time -> org.hibernate.type.BasicTypeReference@224e6e88
2024-05-02T16:54:36.415+09:00 DEBUG 150496 --- [    Test worker] org.hibernate.type.BasicTypeRegistry     : Adding type registration imm_timestamp -> org.hibernate.type.BasicTypeReference@70139a81
2024-05-02T16:54:36.415+09:00 DEBUG 150496 --- [    Test worker] org.hibernate.type.BasicTypeRegistry     : Adding type registration imm_calendar -> org.hibernate.type.BasicTypeReference@60f9dc7e
2024-05-02T16:54:36.415+09:00 DEBUG 150496 --- [    Test worker] org.hibernate.type.BasicTypeRegistry     : Adding type registration imm_calendar_date -> org.hibernate.type.BasicTypeReference@15e5246
2024-05-02T16:54:36.415+09:00 DEBUG 150496 --- [    Test worker] org.hibernate.type.BasicTypeRegistry     : Adding type registration imm_calendar_time -> org.hibernate.type.BasicTypeReference@503556cb
2024-05-02T16:54:36.423+09:00 DEBUG 150496 --- [    Test worker] org.hibernate.type.BasicTypeRegistry     : Adding type registration imm_binary -> org.hibernate.type.BasicTypeReference@3c9e19de
2024-05-02T16:54:36.423+09:00 DEBUG 150496 --- [    Test worker] org.hibernate.type.BasicTypeRegistry     : Adding type registration imm_serializable -> org.hibernate.type.BasicTypeReference@12aa381f
2024-05-02T16:54:36.681+09:00  INFO 150496 --- [    Test worker] o.s.o.j.p.SpringPersistenceUnitInfo      : No LoadTimeWeaver setup: ignoring JPA class transformer
2024-05-02T16:54:36.982+09:00 DEBUG 150496 --- [    Test worker] o.h.t.d.sql.spi.DdlTypeRegistry          : addDescriptor(12, org.hibernate.type.descriptor.sql.internal.CapacityDependentDdlType@37364634) replaced previous registration(org.hibernate.type.descriptor.sql.internal.CapacityDependentDdlType@3dec79f8)
2024-05-02T16:54:36.982+09:00 DEBUG 150496 --- [    Test worker] o.h.t.d.sql.spi.DdlTypeRegistry          : addDescriptor(-9, org.hibernate.type.descriptor.sql.internal.CapacityDependentDdlType@5bf7f15f) replaced previous registration(org.hibernate.type.descriptor.sql.internal.CapacityDependentDdlType@14b26e90)
2024-05-02T16:54:36.982+09:00 DEBUG 150496 --- [    Test worker] o.h.t.d.sql.spi.DdlTypeRegistry          : addDescriptor(-3, org.hibernate.type.descriptor.sql.internal.CapacityDependentDdlType@11309dd4) replaced previous registration(org.hibernate.type.descriptor.sql.internal.CapacityDependentDdlType@4f4d05b3)
2024-05-02T16:54:36.982+09:00 DEBUG 150496 --- [    Test worker] o.h.t.d.sql.spi.DdlTypeRegistry          : addDescriptor(4003, org.hibernate.type.descriptor.sql.internal.DdlTypeImpl@2bd4780c) replaced previous registration(org.hibernate.type.descriptor.sql.internal.DdlTypeImpl@2c154508)
2024-05-02T16:54:36.982+09:00 DEBUG 150496 --- [    Test worker] o.h.t.d.sql.spi.DdlTypeRegistry          : addDescriptor(4001, org.hibernate.type.descriptor.sql.internal.DdlTypeImpl@395eb363) replaced previous registration(org.hibernate.type.descriptor.sql.internal.DdlTypeImpl@1e194966)
2024-05-02T16:54:36.982+09:00 DEBUG 150496 --- [    Test worker] o.h.t.d.sql.spi.DdlTypeRegistry          : addDescriptor(4002, org.hibernate.type.descriptor.sql.internal.DdlTypeImpl@160546b1) replaced previous registration(org.hibernate.type.descriptor.sql.internal.DdlTypeImpl@103e7c7c)
2024-05-02T16:54:36.985+09:00 DEBUG 150496 --- [    Test worker] o.h.t.d.sql.spi.DdlTypeRegistry          : addDescriptor(2004, org.hibernate.type.descriptor.sql.internal.CapacityDependentDdlType@5c3710b3) replaced previous registration(org.hibernate.type.descriptor.sql.internal.DdlTypeImpl@8b1202a)
2024-05-02T16:54:36.985+09:00 DEBUG 150496 --- [    Test worker] o.h.t.d.sql.spi.DdlTypeRegistry          : addDescriptor(2005, org.hibernate.type.descriptor.sql.internal.CapacityDependentDdlType@34bddf43) replaced previous registration(org.hibernate.type.descriptor.sql.internal.DdlTypeImpl@57839834)
2024-05-02T16:54:36.985+09:00 DEBUG 150496 --- [    Test worker] o.h.t.d.sql.spi.DdlTypeRegistry          : addDescriptor(2011, org.hibernate.type.descriptor.sql.internal.CapacityDependentDdlType@3355b8ff) replaced previous registration(org.hibernate.type.descriptor.sql.internal.DdlTypeImpl@32646ecf)
2024-05-02T16:54:36.990+09:00 DEBUG 150496 --- [    Test worker] o.h.t.d.jdbc.spi.JdbcTypeRegistry        : addDescriptor(NCharTypeDescriptor) replaced previous registration(CharTypeDescriptor)
2024-05-02T16:54:36.990+09:00 DEBUG 150496 --- [    Test worker] o.h.t.d.jdbc.spi.JdbcTypeRegistry        : addDescriptor(NVarcharTypeDescriptor) replaced previous registration(VarcharTypeDescriptor)
2024-05-02T16:54:36.990+09:00 DEBUG 150496 --- [    Test worker] o.h.t.d.jdbc.spi.JdbcTypeRegistry        : addDescriptor(LongNVarcharTypeDescriptor) replaced previous registration(LongVarcharTypeDescriptor)
2024-05-02T16:54:36.998+09:00 DEBUG 150496 --- [    Test worker] o.h.t.d.jdbc.spi.JdbcTypeRegistry        : addDescriptor(NClobTypeDescriptor(DEFAULT)) replaced previous registration(ClobTypeDescriptor(DEFAULT))
2024-05-02T16:54:36.998+09:00 DEBUG 150496 --- [    Test worker] o.h.t.d.jdbc.spi.JdbcTypeRegistry        : addDescriptor(2005, ClobTypeDescriptor(STREAM_BINDING)) replaced previous registration(ClobTypeDescriptor(DEFAULT))
2024-05-02T16:54:37.007+09:00 DEBUG 150496 --- [    Test worker] org.hibernate.type.BasicTypeRegistry     : Adding type registration null -> org.hibernate.type.NullType@653e7b
2024-05-02T16:54:37.007+09:00 DEBUG 150496 --- [    Test worker] org.hibernate.type.BasicTypeRegistry     : Type registration key [null] overrode previous entry : `org.hibernate.type.NullType@52285a5f`
2024-05-02T16:54:37.018+09:00 DEBUG 150496 --- [    Test worker] org.hibernate.type.BasicTypeRegistry     : Adding type registration org.hibernate.type.DurationType -> basicType@1(java.time.Duration,3015)
2024-05-02T16:54:37.018+09:00 DEBUG 150496 --- [    Test worker] org.hibernate.type.BasicTypeRegistry     : Adding type registration Duration -> basicType@1(java.time.Duration,3015)
2024-05-02T16:54:37.018+09:00 DEBUG 150496 --- [    Test worker] org.hibernate.type.BasicTypeRegistry     : Adding type registration java.time.Duration -> basicType@1(java.time.Duration,3015)
2024-05-02T16:54:37.030+09:00 DEBUG 150496 --- [    Test worker] org.hibernate.type.BasicTypeRegistry     : Adding type registration org.hibernate.type.OffsetDateTimeType -> basicType@2(java.time.OffsetDateTime,3003)
2024-05-02T16:54:37.030+09:00 DEBUG 150496 --- [    Test worker] org.hibernate.type.BasicTypeRegistry     : Adding type registration OffsetDateTime -> basicType@2(java.time.OffsetDateTime,3003)
2024-05-02T16:54:37.030+09:00 DEBUG 150496 --- [    Test worker] org.hibernate.type.BasicTypeRegistry     : Adding type registration java.time.OffsetDateTime -> basicType@2(java.time.OffsetDateTime,3003)
2024-05-02T16:54:37.034+09:00 DEBUG 150496 --- [    Test worker] org.hibernate.type.BasicTypeRegistry     : Adding type registration org.hibernate.type.ZonedDateTimeType -> basicType@3(java.time.ZonedDateTime,3003)
2024-05-02T16:54:37.034+09:00 DEBUG 150496 --- [    Test worker] org.hibernate.type.BasicTypeRegistry     : Adding type registration ZonedDateTime -> basicType@3(java.time.ZonedDateTime,3003)
2024-05-02T16:54:37.034+09:00 DEBUG 150496 --- [    Test worker] org.hibernate.type.BasicTypeRegistry     : Adding type registration java.time.ZonedDateTime -> basicType@3(java.time.ZonedDateTime,3003)
2024-05-02T16:54:37.034+09:00 DEBUG 150496 --- [    Test worker] org.hibernate.type.BasicTypeRegistry     : Adding type registration org.hibernate.type.OffsetTimeType -> basicType@4(java.time.OffsetTime,3007)
2024-05-02T16:54:37.034+09:00 DEBUG 150496 --- [    Test worker] org.hibernate.type.BasicTypeRegistry     : Adding type registration OffsetTime -> basicType@4(java.time.OffsetTime,3007)
2024-05-02T16:54:37.034+09:00 DEBUG 150496 --- [    Test worker] org.hibernate.type.BasicTypeRegistry     : Adding type registration java.time.OffsetTime -> basicType@4(java.time.OffsetTime,3007)
2024-05-02T16:54:37.036+09:00 DEBUG 150496 --- [    Test worker] o.h.type.spi.TypeConfiguration$Scope     : Scoping TypeConfiguration [org.hibernate.type.spi.TypeConfiguration@6e0d058a] to MetadataBuildingContext [org.hibernate.boot.internal.MetadataBuildingContextRootImpl@3eb0fd88]
2024-05-02T16:54:38.234+09:00  INFO 150496 --- [    Test worker] o.h.e.t.j.p.i.JtaPlatformInitiator       : HHH000489: No JTA platform available (set 'hibernate.transaction.jta.platform' to enable JTA platform integration)
2024-05-02T16:54:38.234+09:00 DEBUG 150496 --- [    Test worker] o.h.type.spi.TypeConfiguration$Scope     : Scoping TypeConfiguration [org.hibernate.type.spi.TypeConfiguration@6e0d058a] to SessionFactoryImplementor [org.hibernate.internal.SessionFactoryImpl@466cca41]
2024-05-02T16:54:38.434+09:00 TRACE 150496 --- [    Test worker] o.h.type.spi.TypeConfiguration$Scope     : Handling #sessionFactoryCreated from [org.hibernate.internal.SessionFactoryImpl@466cca41] for TypeConfiguration
2024-05-02T16:54:38.434+09:00  INFO 150496 --- [    Test worker] j.LocalContainerEntityManagerFactoryBean : Initialized JPA EntityManagerFactory for persistence unit 'default'
2024-05-02T16:54:38.711+09:00  WARN 150496 --- [    Test worker] JpaBaseConfiguration$JpaWebConfiguration : spring.jpa.open-in-view is enabled by default. Therefore, database queries may be performed during view rendering. Explicitly configure spring.jpa.open-in-view to disable this warning
2024-05-02T16:54:39.332+09:00  WARN 150496 --- [    Test worker] ion$DefaultTemplateResolverConfiguration : Cannot find template location: classpath:/templates/ (please add some templates, check your Thymeleaf configuration, or set spring.thymeleaf.check-template-location=false)
2024-05-02T16:54:40.364+09:00  WARN 150496 --- [    Test worker] .s.s.UserDetailsServiceAutoConfiguration : 

Using generated security password: fad0d2a8-b348-4768-969a-012e0329ed85

This generated password is for development use only. Your security configuration must be updated before running your application in production.

2024-05-02T16:54:40.689+09:00  INFO 150496 --- [    Test worker] o.s.s.web.DefaultSecurityFilterChain     : Will secure any request with [org.springframework.security.web.session.DisableEncodeUrlFilter@57fe6f2d, org.springframework.security.web.context.request.async.WebAsyncManagerIntegrationFilter@6e43c01f, org.springframework.security.web.context.SecurityContextHolderFilter@6812708d, org.springframework.security.web.header.HeaderWriterFilter@592fbd8, org.springframework.web.filter.CorsFilter@6567de86, org.springframework.security.web.csrf.CsrfFilter@6e5106fc, org.springframework.security.web.authentication.logout.LogoutFilter@7eb006bd, org.springframework.security.web.authentication.UsernamePasswordAuthenticationFilter@3dbcde0b, org.springframework.security.web.authentication.ui.DefaultLoginPageGeneratingFilter@64547a83, org.springframework.security.web.authentication.ui.DefaultLogoutPageGeneratingFilter@5350a926, org.springframework.security.web.authentication.www.BasicAuthenticationFilter@470fc16c, org.springframework.security.web.savedrequest.RequestCacheAwareFilter@123a21ad, org.springframework.security.web.servletapi.SecurityContextHolderAwareRequestFilter@51179fad, org.springframework.security.web.authentication.AnonymousAuthenticationFilter@77732366, org.springframework.security.web.access.ExceptionTranslationFilter@e417628, org.springframework.security.web.access.intercept.AuthorizationFilter@30ae3c46]
2024-05-02T16:54:40.815+09:00  INFO 150496 --- [    Test worker] c.e.g.repository.MemberRepositoryTest    : Started MemberRepositoryTest in 8.306 seconds (process running for 10.049)
2024-05-02T16:54:41.977+09:00 DEBUG 150496 --- [    Test worker] org.hibernate.SQL                        : 
    insert 
    into
        member
        (email, nickname, password, role, userid, username) 
    values
        (?, ?, ?, ?, ?, ?)
Hibernate: 
    insert 
    into
        member
        (email, nickname, password, role, userid, username) 
    values
        (?, ?, ?, ?, ?, ?)
2024-05-02T16:54:42.213+09:00 DEBUG 150496 --- [    Test worker] org.hibernate.SQL                        : 
    select
        m1_0.id,
        m1_0.email,
        m1_0.nickname,
        m1_0.password,
        m1_0.role,
        m1_0.userid,
        m1_0.username 
    from
        member m1_0 
    where
        m1_0.username=?
Hibernate: 
    select
        m1_0.id,
        m1_0.email,
        m1_0.nickname,
        m1_0.password,
        m1_0.role,
        m1_0.userid,
        m1_0.username 
    from
        member m1_0 
    where
        m1_0.username=?
]]></system-out>
  <system-err><![CDATA[]]></system-err>
</testsuite>
